{
  "RSpec": {
    "coverage": {
      "/home/saurabh/for_development/dev/user_management/app/controllers/application_controller.rb": [
        1,
        1,
        null
      ],
      "/home/saurabh/for_development/dev/user_management/app/helpers/application_helper.rb": [
        1,
        null
      ],
      "/home/saurabh/for_development/dev/user_management/app/helpers/users_helper.rb": [
        1,
        null
      ],
      "/home/saurabh/for_development/dev/user_management/app/controllers/users_controller.rb": [
        1,
        1,
        null,
        1,
        null,
        4,
        4,
        4,
        2,
        2,
        null,
        null,
        null,
        null,
        1,
        null,
        null,
        1,
        null,
        1,
        4,
        4,
        4,
        null,
        null,
        null
      ],
      "/home/saurabh/for_development/dev/user_management/app/models/user.rb": [
        1,
        null,
        1,
        null,
        1,
        1,
        null,
        null,
        null,
        null,
        null,
        1,
        1,
        1,
        null,
        null,
        1,
        null,
        null,
        null,
        1,
        null,
        null,
        null,
        1,
        null,
        null,
        null,
        1,
        null,
        null,
        null,
        null,
        null,
        1,
        null,
        8,
        null,
        8,
        null,
        8,
        null,
        8,
        null,
        8,
        null,
        8,
        null,
        null,
        1,
        1,
        null,
        14,
        null,
        14,
        null,
        14,
        null,
        14,
        null,
        14,
        null,
        14,
        20,
        20,
        20,
        null,
        null,
        null,
        14,
        14,
        null,
        null,
        1,
        null,
        28,
        null,
        28,
        null,
        26,
        26,
        144,
        null,
        144,
        144,
        null,
        144,
        720,
        720,
        576,
        576,
        null,
        144,
        null,
        null,
        null,
        144,
        144,
        144,
        null,
        26,
        26,
        null,
        2,
        null,
        28,
        null,
        null,
        1,
        580,
        580,
        null,
        0,
        null,
        null,
        null,
        null
      ],
      "/home/saurabh/for_development/dev/user_management/app/models/role.rb": [
        1,
        1,
        null,
        1,
        1,
        null,
        1,
        null,
        null,
        null
      ],
      "/home/saurabh/for_development/dev/user_management/app/models/user_role.rb": [
        1,
        1,
        null,
        1,
        1,
        null
      ]
    },
    "timestamp": 1343826090
  }
}
