{
  "RSpec": {
    "coverage": {
      "/home/saurabh/for_development/dev/user_management/app/controllers/application_controller.rb": [
        1,
        1,
        null
      ],
      "/home/saurabh/for_development/dev/user_management/app/helpers/application_helper.rb": [
        1,
        null
      ],
      "/home/saurabh/for_development/dev/user_management/app/models/role.rb": [
        1,
        1,
        null,
        1,
        1,
        null,
        1,
        null,
        null,
        null
      ],
      "/home/saurabh/for_development/dev/user_management/app/models/user.rb": [
        1,
        1,
        null,
        1,
        1,
        null,
        1,
        1,
        1,
        null,
        1,
        null,
        null,
        null,
        1,
        null,
        null,
        null,
        1,
        null,
        null,
        null,
        1,
        null,
        null,
        null,
        1,
        1,
        14,
        14,
        14,
        14,
        14,
        14,
        20,
        20,
        20,
        null,
        null,
        14,
        14,
        null,
        null,
        1,
        null,
        20,
        null,
        20,
        null,
        18,
        18,
        36,
        null,
        36,
        36,
        null,
        36,
        180,
        180,
        144,
        144,
        null,
        36,
        null,
        null,
        36,
        36,
        36,
        null,
        18,
        18,
        null,
        2,
        null,
        20,
        null,
        null,
        1,
        148,
        148,
        null,
        0,
        null,
        null,
        null,
        null
      ],
      "/home/saurabh/for_development/dev/user_management/app/models/user_role.rb": [
        1,
        1,
        null,
        1,
        1,
        null
      ]
    },
    "timestamp": 1343783063
  }
}
